<?xml version="1.0" encoding="UTF-8"?>
<!-- Generated by org.testng.reporters.JUnitXMLReporter -->
<testsuite ignored="0" hostname="D5sj3i6KT4" failures="0" tests="4" name="Surefire test" time="15.451" errors="0" timestamp="2024-12-11T13:42:02 EET">
  <testcase classname="Testcases.LoginTest" name="UserCanLogin" time="2.329"/>
  <testcase classname="Testcases.LoginTest" name="ableToLogOut" time="2.826"/>
  <testcase classname="Testcases.ToDoTest" name="AddNewTODo" time="6.886"/>
  <testcase classname="Testcases.ToDoTest" name="ableToDeleteToDo" time="4.417"/>
</testsuite> <!-- Surefire test -->
