<?xml version="1.0" encoding="UTF-8"?>
<!-- Generated by org.testng.reporters.JUnitXMLReporter -->
<testsuite ignored="0" hostname="D5sj3i6KT4" failures="0" tests="3" name="Surefire test" time="14.671" errors="0" timestamp="2024-12-10T18:07:00 EET">
  <testcase classname="Testcases.LoginTest" name="UserCanLogin" time="2.334"/>
  <testcase classname="Testcases.ToDoTest" name="AddNewTODo" time="6.328"/>
  <testcase classname="Testcases.ToDoTest" name="ableToDeleteToDo" time="4.48"/>
</testsuite> <!-- Surefire test -->
