<?xml version="1.0" encoding="UTF-8"?>
<testsuite xmlns:xsi="http://www.w3.org/2001/XMLSchema-instance" xsi:noNamespaceSchemaLocation="https://maven.apache.org/surefire/maven-surefire-plugin/xsd/surefire-test-report.xsd" version="3.0.2" name="TestSuite" time="15.174" tests="3" errors="0" skipped="0" failures="0">
  <properties>
[...]
</properties>
  <testcase name="UserCanLogin" classname="Testcases.LoginTest" time="2.34">
    <system-err><![CDATA[SLF4J(W): No SLF4J providers were found.
SLF4J(W): Defaulting to no-operation (NOP) logger implementation
SLF4J(W): See https://www.slf4j.org/codes.html#noProviders for further details.
]]></system-err>
  </testcase>
  <testcase name="AddNewTODo" classname="Testcases.ToDoTest" time="6.328">
    <system-out><![CDATA[HTTP/1.1 201 Created
Server: Cowboy
Report-To: {"group":"heroku-nel","max_age":3600,"endpoints":[{"url":"https://nel.heroku.com/reports?ts=1733846783&sid=812dcc77-0bd0-43b1-a5f1-b25750382959&s=8INBfz58mve9%2B8bApV%2BejscK4oa4FPisxiwuNDzAarA%3D"}]}
Reporting-Endpoints: heroku-nel=https://nel.heroku.com/reports?ts=1733846783&sid=812dcc77-0bd0-43b1-a5f1-b25750382959&s=8INBfz58mve9%2B8bApV%2BejscK4oa4FPisxiwuNDzAarA%3D
Nel: {"report_to":"heroku-nel","max_age":3600,"success_fraction":0.005,"failure_fraction":0.05,"response_headers":["Via"]}
Connection: keep-alive
X-Powered-By: Express
Access-Control-Allow-Origin: *
Set-Cookie: access_token=eyJhbGciOiJIUzI1NiIsInR5cCI6IkpXVCJ9.eyJpZCI6IjY3NTg2NmZmNDRiNjJhMDAxNDU5NDFhMSIsImZpcnN0TmFtZSI6IkxpbmRhIiwibGFzdE5hbWUiOiJIYWxleSIsImlhdCI6MTczMzg0Njc4NH0.uZLQfCDZdKaqi2pavZdh7M7CWJEXzy2XiPXG0FtLCJA; Path=/
Set-Cookie: userID=j%3A%22675866ff44b62a00145941a1%22; Path=/
Set-Cookie: firstName=Linda; Path=/
Content-Type: application/json; charset=utf-8
Content-Length: 275
Etag: W/"113-dlF0tbBV9jSyLzMap4rvNGTTBGM"
Date: Tue, 10 Dec 2024 16:06:24 GMT
Via: 1.1 vegur

{
    "access_token": "eyJhbGciOiJIUzI1NiIsInR5cCI6IkpXVCJ9.eyJpZCI6IjY3NTg2NmZmNDRiNjJhMDAxNDU5NDFhMSIsImZpcnN0TmFtZSI6IkxpbmRhIiwibGFzdE5hbWUiOiJIYWxleSIsImlhdCI6MTczMzg0Njc4NH0.uZLQfCDZdKaqi2pavZdh7M7CWJEXzy2XiPXG0FtLCJA",
    "userID": "675866ff44b62a00145941a1",
    "firstName": "Linda"
}
HTTP/1.1 201 Created
Server: Cowboy
Report-To: {"group":"heroku-nel","max_age":3600,"endpoints":[{"url":"https://nel.heroku.com/reports?ts=1733846784&sid=812dcc77-0bd0-43b1-a5f1-b25750382959&s=pY7y0dKKMuOiygVcXf2zzLxPk4yuP8Nko2J%2BjmNt9jQ%3D"}]}
Reporting-Endpoints: heroku-nel=https://nel.heroku.com/reports?ts=1733846784&sid=812dcc77-0bd0-43b1-a5f1-b25750382959&s=pY7y0dKKMuOiygVcXf2zzLxPk4yuP8Nko2J%2BjmNt9jQ%3D
Nel: {"report_to":"heroku-nel","max_age":3600,"success_fraction":0.005,"failure_fraction":0.05,"response_headers":["Via"]}
Connection: keep-alive
X-Powered-By: Express
Access-Control-Allow-Origin: *
Set-Cookie: access_token=eyJhbGciOiJIUzI1NiIsInR5cCI6IkpXVCJ9.eyJpZCI6IjY3NTg2NzAxNDRiNjJhMDAxNDU5NDFhNSIsImZpcnN0TmFtZSI6IkphbmV5IiwibGFzdE5hbWUiOiJMZXNjaCIsImlhdCI6MTczMzg0Njc4NX0.qw2O3tGBb3-otO2xwCwRcMJSIlcazms8kdpmWCZlJd8; Path=/
Set-Cookie: userID=j%3A%226758670144b62a00145941a5%22; Path=/
Set-Cookie: firstName=Janey; Path=/
Content-Type: application/json; charset=utf-8
Content-Length: 275
Etag: W/"113-54rQoZBtJhtf5o6omNoTKr/+bB8"
Date: Tue, 10 Dec 2024 16:06:25 GMT
Via: 1.1 vegur

{
    "access_token": "eyJhbGciOiJIUzI1NiIsInR5cCI6IkpXVCJ9.eyJpZCI6IjY3NTg2NzAxNDRiNjJhMDAxNDU5NDFhNSIsImZpcnN0TmFtZSI6IkphbmV5IiwibGFzdE5hbWUiOiJMZXNjaCIsImlhdCI6MTczMzg0Njc4NX0.qw2O3tGBb3-otO2xwCwRcMJSIlcazms8kdpmWCZlJd8",
    "userID": "6758670144b62a00145941a5",
    "firstName": "Janey"
}
HTTP/1.1 201 Created
Server: Cowboy
Report-To: {"group":"heroku-nel","max_age":3600,"endpoints":[{"url":"https://nel.heroku.com/reports?ts=1733846785&sid=812dcc77-0bd0-43b1-a5f1-b25750382959&s=pzBEGEfeJk0elS5JEJ3Hy7QgcnT%2BRR09uX1gaIwUJJM%3D"}]}
Reporting-Endpoints: heroku-nel=https://nel.heroku.com/reports?ts=1733846785&sid=812dcc77-0bd0-43b1-a5f1-b25750382959&s=pzBEGEfeJk0elS5JEJ3Hy7QgcnT%2BRR09uX1gaIwUJJM%3D
Nel: {"report_to":"heroku-nel","max_age":3600,"success_fraction":0.005,"failure_fraction":0.05,"response_headers":["Via"]}
Connection: keep-alive
X-Powered-By: Express
Access-Control-Allow-Origin: *
Content-Type: application/json; charset=utf-8
Content-Length: 153
Etag: W/"99-fjtlNfYfe6DaKtlNL4w2H8l+e58"
Date: Tue, 10 Dec 2024 16:06:25 GMT
Via: 1.1 vegur

{
    "isCompleted": false,
    "_id": "6758670144b62a00145941a7",
    "item": "newOne",
    "userID": "675866ff44b62a00145941a1",
    "createdAt": "2024-12-10T16:06:25.644Z",
    "__v": 0
}
]]></system-out>
  </testcase>
  <testcase name="ableToDeleteToDo" classname="Testcases.ToDoTest" time="4.481">
    <system-out><![CDATA[HTTP/1.1 201 Created
Server: Cowboy
Report-To: {"group":"heroku-nel","max_age":3600,"endpoints":[{"url":"https://nel.heroku.com/reports?ts=1733846789&sid=812dcc77-0bd0-43b1-a5f1-b25750382959&s=V2xt3uclXkrrF0nqIHUFCrF79n%2Bwbard6LOX7a%2BOLcE%3D"}]}
Reporting-Endpoints: heroku-nel=https://nel.heroku.com/reports?ts=1733846789&sid=812dcc77-0bd0-43b1-a5f1-b25750382959&s=V2xt3uclXkrrF0nqIHUFCrF79n%2Bwbard6LOX7a%2BOLcE%3D
Nel: {"report_to":"heroku-nel","max_age":3600,"success_fraction":0.005,"failure_fraction":0.05,"response_headers":["Via"]}
Connection: keep-alive
X-Powered-By: Express
Access-Control-Allow-Origin: *
Set-Cookie: access_token=eyJhbGciOiJIUzI1NiIsInR5cCI6IkpXVCJ9.eyJpZCI6IjY3NTg2NzA2NDRiNjJhMDAxNDU5NDFhZSIsImZpcnN0TmFtZSI6IkNsZXZlbGFuZCIsImxhc3ROYW1lIjoiS2F1dHplciIsImlhdCI6MTczMzg0Njc5MH0.n80IPzZpsKPwB1BbaONXCT2cp_3sKJgXUoHibvXseME; Path=/
Set-Cookie: userID=j%3A%226758670644b62a00145941ae%22; Path=/
Set-Cookie: firstName=Cleveland; Path=/
Content-Type: application/json; charset=utf-8
Content-Length: 287
Etag: W/"11f-f3ldKPjXdrOPfr87XqZanGNK8+Y"
Date: Tue, 10 Dec 2024 16:06:30 GMT
Via: 1.1 vegur

{
    "access_token": "eyJhbGciOiJIUzI1NiIsInR5cCI6IkpXVCJ9.eyJpZCI6IjY3NTg2NzA2NDRiNjJhMDAxNDU5NDFhZSIsImZpcnN0TmFtZSI6IkNsZXZlbGFuZCIsImxhc3ROYW1lIjoiS2F1dHplciIsImlhdCI6MTczMzg0Njc5MH0.n80IPzZpsKPwB1BbaONXCT2cp_3sKJgXUoHibvXseME",
    "userID": "6758670644b62a00145941ae",
    "firstName": "Cleveland"
}
HTTP/1.1 201 Created
Server: Cowboy
Report-To: {"group":"heroku-nel","max_age":3600,"endpoints":[{"url":"https://nel.heroku.com/reports?ts=1733846790&sid=812dcc77-0bd0-43b1-a5f1-b25750382959&s=oH2ttGdXIfS7ZzMj1q6TyFuD3Th7Vbpg%2FK61MSKacck%3D"}]}
Reporting-Endpoints: heroku-nel=https://nel.heroku.com/reports?ts=1733846790&sid=812dcc77-0bd0-43b1-a5f1-b25750382959&s=oH2ttGdXIfS7ZzMj1q6TyFuD3Th7Vbpg%2FK61MSKacck%3D
Nel: {"report_to":"heroku-nel","max_age":3600,"success_fraction":0.005,"failure_fraction":0.05,"response_headers":["Via"]}
Connection: keep-alive
X-Powered-By: Express
Access-Control-Allow-Origin: *
Set-Cookie: access_token=eyJhbGciOiJIUzI1NiIsInR5cCI6IkpXVCJ9.eyJpZCI6IjY3NTg2NzA2NDRiNjJhMDAxNDU5NDFiMSIsImZpcnN0TmFtZSI6IlJhbmRvbHBoIiwibGFzdE5hbWUiOiJLaXJsaW4iLCJpYXQiOjE3MzM4NDY3OTB9.j1mMFhCGLGhyhojE79ymo56W-TEbA08Kyc1HeswSD_Y; Path=/
Set-Cookie: userID=j%3A%226758670644b62a00145941b1%22; Path=/
Set-Cookie: firstName=Randolph; Path=/
Content-Type: application/json; charset=utf-8
Content-Length: 283
Etag: W/"11b-jvZXWabi97wY1wVvyHfIfZI9Yps"
Date: Tue, 10 Dec 2024 16:06:30 GMT
Via: 1.1 vegur

{
    "access_token": "eyJhbGciOiJIUzI1NiIsInR5cCI6IkpXVCJ9.eyJpZCI6IjY3NTg2NzA2NDRiNjJhMDAxNDU5NDFiMSIsImZpcnN0TmFtZSI6IlJhbmRvbHBoIiwibGFzdE5hbWUiOiJLaXJsaW4iLCJpYXQiOjE3MzM4NDY3OTB9.j1mMFhCGLGhyhojE79ymo56W-TEbA08Kyc1HeswSD_Y",
    "userID": "6758670644b62a00145941b1",
    "firstName": "Randolph"
}
HTTP/1.1 201 Created
Server: Cowboy
Report-To: {"group":"heroku-nel","max_age":3600,"endpoints":[{"url":"https://nel.heroku.com/reports?ts=1733846791&sid=812dcc77-0bd0-43b1-a5f1-b25750382959&s=ORtnb%2FRWoibGz5O4YuEEYN%2BJa0Alt%2FlqtLbcJVrtDK8%3D"}]}
Reporting-Endpoints: heroku-nel=https://nel.heroku.com/reports?ts=1733846791&sid=812dcc77-0bd0-43b1-a5f1-b25750382959&s=ORtnb%2FRWoibGz5O4YuEEYN%2BJa0Alt%2FlqtLbcJVrtDK8%3D
Nel: {"report_to":"heroku-nel","max_age":3600,"success_fraction":0.005,"failure_fraction":0.05,"response_headers":["Via"]}
Connection: keep-alive
X-Powered-By: Express
Access-Control-Allow-Origin: *
Content-Type: application/json; charset=utf-8
Content-Length: 153
Etag: W/"99-s2zFWllb3Nfw/manIpQrQNX/i8A"
Date: Tue, 10 Dec 2024 16:06:31 GMT
Via: 1.1 vegur

{
    "isCompleted": false,
    "_id": "6758670744b62a00145941b3",
    "item": "newOne",
    "userID": "6758670644b62a00145941ae",
    "createdAt": "2024-12-10T16:06:31.222Z",
    "__v": 0
}
]]></system-out>
  </testcase>
</testsuite>