<?xml version="1.0" encoding="UTF-8"?>
<testsuite xmlns:xsi="http://www.w3.org/2001/XMLSchema-instance" xsi:noNamespaceSchemaLocation="https://maven.apache.org/surefire/maven-surefire-plugin/xsd/surefire-test-report-3.0.xsd" version="3.0" name="TestSuite" time="26.984" tests="4" errors="0" skipped="0" failures="0">
  <properties>
[...]
</properties>
  <testcase name="UserCanLogin" classname="Testcases.LoginTest" time="2.626">
    <system-err><![CDATA[SLF4J(W): No SLF4J providers were found.
SLF4J(W): Defaulting to no-operation (NOP) logger implementation
SLF4J(W): See https://www.slf4j.org/codes.html#noProviders for further details.
]]></system-err>
  </testcase>
  <testcase name="ableToLogOut" classname="Testcases.LoginTest" time="4.801">
    <system-out><![CDATA[HTTP/1.1 201 Created
Server: Cowboy
Report-To: {"group":"heroku-nel","max_age":3600,"endpoints":[{"url":"https://nel.heroku.com/reports?ts=1733920261&sid=812dcc77-0bd0-43b1-a5f1-b25750382959&s=SCFne2AKhkfdf8nHy%2BPRejV3stHcaWTAbBen1h9admU%3D"}]}
Reporting-Endpoints: heroku-nel=https://nel.heroku.com/reports?ts=1733920261&sid=812dcc77-0bd0-43b1-a5f1-b25750382959&s=SCFne2AKhkfdf8nHy%2BPRejV3stHcaWTAbBen1h9admU%3D
Nel: {"report_to":"heroku-nel","max_age":3600,"success_fraction":0.005,"failure_fraction":0.05,"response_headers":["Via"]}
Connection: keep-alive
X-Powered-By: Express
Access-Control-Allow-Origin: *
Set-Cookie: access_token=eyJhbGciOiJIUzI1NiIsInR5cCI6IkpXVCJ9.eyJpZCI6IjY3NTk4NjA1NWZhOWQzMDAxNGE2ZmJkZCIsImZpcnN0TmFtZSI6IlZhbGVuZSIsImxhc3ROYW1lIjoiQmFydGVsbCIsImlhdCI6MTczMzkyMDI2MX0.oF575NlBwdRQ7_U0ZX3-HsNjCXwQPPsybnf9mmSMb6k; Path=/
Set-Cookie: userID=j%3A%22675986055fa9d30014a6fbdd%22; Path=/
Set-Cookie: firstName=Valene; Path=/
Content-Type: application/json; charset=utf-8
Content-Length: 280
Etag: W/"118-EgH5C3rzJKQdL6ZLqG+wk+7TjDU"
Date: Wed, 11 Dec 2024 12:31:01 GMT
Via: 1.1 vegur

{
    "access_token": "eyJhbGciOiJIUzI1NiIsInR5cCI6IkpXVCJ9.eyJpZCI6IjY3NTk4NjA1NWZhOWQzMDAxNGE2ZmJkZCIsImZpcnN0TmFtZSI6IlZhbGVuZSIsImxhc3ROYW1lIjoiQmFydGVsbCIsImlhdCI6MTczMzkyMDI2MX0.oF575NlBwdRQ7_U0ZX3-HsNjCXwQPPsybnf9mmSMb6k",
    "userID": "675986055fa9d30014a6fbdd",
    "firstName": "Valene"
}
]]></system-out>
  </testcase>
  <testcase name="AddNewTODo" classname="Testcases.ToDoTest" time="4.555">
    <system-out><![CDATA[HTTP/1.1 201 Created
Server: Cowboy
Report-To: {"group":"heroku-nel","max_age":3600,"endpoints":[{"url":"https://nel.heroku.com/reports?ts=1733920265&sid=812dcc77-0bd0-43b1-a5f1-b25750382959&s=V3E13nimVhbThI6K%2FzpFjUkKnVjsJdLn6DBpHf%2FZ%2FH0%3D"}]}
Reporting-Endpoints: heroku-nel=https://nel.heroku.com/reports?ts=1733920265&sid=812dcc77-0bd0-43b1-a5f1-b25750382959&s=V3E13nimVhbThI6K%2FzpFjUkKnVjsJdLn6DBpHf%2FZ%2FH0%3D
Nel: {"report_to":"heroku-nel","max_age":3600,"success_fraction":0.005,"failure_fraction":0.05,"response_headers":["Via"]}
Connection: keep-alive
X-Powered-By: Express
Access-Control-Allow-Origin: *
Set-Cookie: access_token=eyJhbGciOiJIUzI1NiIsInR5cCI6IkpXVCJ9.eyJpZCI6IjY3NTk4NjA5NWZhOWQzMDAxNGE2ZmJlMSIsImZpcnN0TmFtZSI6IlNoYXJvbmRhIiwibGFzdE5hbWUiOiJUaG9tcHNvbiIsImlhdCI6MTczMzkyMDI2NX0.U2XjzudJDXwRjeMs10XUhnJ0tKhv1Ct4Wt75UKd77P0; Path=/
Set-Cookie: userID=j%3A%22675986095fa9d30014a6fbe1%22; Path=/
Set-Cookie: firstName=Sharonda; Path=/
Content-Type: application/json; charset=utf-8
Content-Length: 286
Etag: W/"11e-iDptBeeMi2R+pLwHN4vAO4whrek"
Date: Wed, 11 Dec 2024 12:31:05 GMT
Via: 1.1 vegur

{
    "access_token": "eyJhbGciOiJIUzI1NiIsInR5cCI6IkpXVCJ9.eyJpZCI6IjY3NTk4NjA5NWZhOWQzMDAxNGE2ZmJlMSIsImZpcnN0TmFtZSI6IlNoYXJvbmRhIiwibGFzdE5hbWUiOiJUaG9tcHNvbiIsImlhdCI6MTczMzkyMDI2NX0.U2XjzudJDXwRjeMs10XUhnJ0tKhv1Ct4Wt75UKd77P0",
    "userID": "675986095fa9d30014a6fbe1",
    "firstName": "Sharonda"
}
HTTP/1.1 201 Created
Server: Cowboy
Report-To: {"group":"heroku-nel","max_age":3600,"endpoints":[{"url":"https://nel.heroku.com/reports?ts=1733920265&sid=812dcc77-0bd0-43b1-a5f1-b25750382959&s=V3E13nimVhbThI6K%2FzpFjUkKnVjsJdLn6DBpHf%2FZ%2FH0%3D"}]}
Reporting-Endpoints: heroku-nel=https://nel.heroku.com/reports?ts=1733920265&sid=812dcc77-0bd0-43b1-a5f1-b25750382959&s=V3E13nimVhbThI6K%2FzpFjUkKnVjsJdLn6DBpHf%2FZ%2FH0%3D
Nel: {"report_to":"heroku-nel","max_age":3600,"success_fraction":0.005,"failure_fraction":0.05,"response_headers":["Via"]}
Connection: keep-alive
X-Powered-By: Express
Access-Control-Allow-Origin: *
Set-Cookie: access_token=eyJhbGciOiJIUzI1NiIsInR5cCI6IkpXVCJ9.eyJpZCI6IjY3NTk4NjA5NWZhOWQzMDAxNGE2ZmJlNCIsImZpcnN0TmFtZSI6Ik15cmxlIiwibGFzdE5hbWUiOiJIZWFuZXkiLCJpYXQiOjE3MzM5MjAyNjV9.kP2SSoK0NNMbj1d6qoMwJh8PH_bXD_Hi3Xil2uO7sIc; Path=/
Set-Cookie: userID=j%3A%22675986095fa9d30014a6fbe4%22; Path=/
Set-Cookie: firstName=Myrle; Path=/
Content-Type: application/json; charset=utf-8
Content-Length: 276
Etag: W/"114-to/QY2t3l5XMGDnDZ9sm3p+dlQ8"
Date: Wed, 11 Dec 2024 12:31:05 GMT
Via: 1.1 vegur

{
    "access_token": "eyJhbGciOiJIUzI1NiIsInR5cCI6IkpXVCJ9.eyJpZCI6IjY3NTk4NjA5NWZhOWQzMDAxNGE2ZmJlNCIsImZpcnN0TmFtZSI6Ik15cmxlIiwibGFzdE5hbWUiOiJIZWFuZXkiLCJpYXQiOjE3MzM5MjAyNjV9.kP2SSoK0NNMbj1d6qoMwJh8PH_bXD_Hi3Xil2uO7sIc",
    "userID": "675986095fa9d30014a6fbe4",
    "firstName": "Myrle"
}
HTTP/1.1 201 Created
Server: Cowboy
Report-To: {"group":"heroku-nel","max_age":3600,"endpoints":[{"url":"https://nel.heroku.com/reports?ts=1733920266&sid=812dcc77-0bd0-43b1-a5f1-b25750382959&s=uE3aquAEC5Zc57iyh1OiYDW0qr6e76oTpd1sN2oyX4o%3D"}]}
Reporting-Endpoints: heroku-nel=https://nel.heroku.com/reports?ts=1733920266&sid=812dcc77-0bd0-43b1-a5f1-b25750382959&s=uE3aquAEC5Zc57iyh1OiYDW0qr6e76oTpd1sN2oyX4o%3D
Nel: {"report_to":"heroku-nel","max_age":3600,"success_fraction":0.005,"failure_fraction":0.05,"response_headers":["Via"]}
Connection: keep-alive
X-Powered-By: Express
Access-Control-Allow-Origin: *
Content-Type: application/json; charset=utf-8
Content-Length: 153
Etag: W/"99-wAnRZWtkZg/JcmF3rNJges5V2uE"
Date: Wed, 11 Dec 2024 12:31:06 GMT
Via: 1.1 vegur

{
    "isCompleted": false,
    "_id": "6759860a5fa9d30014a6fbe6",
    "item": "newOne",
    "userID": "675986095fa9d30014a6fbe1",
    "createdAt": "2024-12-11T12:31:06.562Z",
    "__v": 0
}
]]></system-out>
  </testcase>
  <testcase name="ableToDeleteToDo" classname="Testcases.ToDoTest" time="6.564">
    <system-out><![CDATA[HTTP/1.1 201 Created
Server: Cowboy
Report-To: {"group":"heroku-nel","max_age":3600,"endpoints":[{"url":"https://nel.heroku.com/reports?ts=1733920271&sid=812dcc77-0bd0-43b1-a5f1-b25750382959&s=pati9iPCmWdCucihDV8j6U1jX9pQN%2FkeVYKb%2FHyKqkM%3D"}]}
Reporting-Endpoints: heroku-nel=https://nel.heroku.com/reports?ts=1733920271&sid=812dcc77-0bd0-43b1-a5f1-b25750382959&s=pati9iPCmWdCucihDV8j6U1jX9pQN%2FkeVYKb%2FHyKqkM%3D
Nel: {"report_to":"heroku-nel","max_age":3600,"success_fraction":0.005,"failure_fraction":0.05,"response_headers":["Via"]}
Connection: keep-alive
X-Powered-By: Express
Access-Control-Allow-Origin: *
Set-Cookie: access_token=eyJhbGciOiJIUzI1NiIsInR5cCI6IkpXVCJ9.eyJpZCI6IjY3NTk4NjBmNWZhOWQzMDAxNGE2ZmJlZCIsImZpcnN0TmFtZSI6IkRhcnlsIiwibGFzdE5hbWUiOiJTY2hhZWZlciIsImlhdCI6MTczMzkyMDI3MX0.gwbMD0zKHr-5yNzHfnz3oO0zHTXJNjv4EpblH-VkQvI; Path=/
Set-Cookie: userID=j%3A%226759860f5fa9d30014a6fbed%22; Path=/
Set-Cookie: firstName=Daryl; Path=/
Content-Type: application/json; charset=utf-8
Content-Length: 279
Etag: W/"117-i422WHBQiQrFY1eqzIZewIkCBGE"
Date: Wed, 11 Dec 2024 12:31:11 GMT
Via: 1.1 vegur

{
    "access_token": "eyJhbGciOiJIUzI1NiIsInR5cCI6IkpXVCJ9.eyJpZCI6IjY3NTk4NjBmNWZhOWQzMDAxNGE2ZmJlZCIsImZpcnN0TmFtZSI6IkRhcnlsIiwibGFzdE5hbWUiOiJTY2hhZWZlciIsImlhdCI6MTczMzkyMDI3MX0.gwbMD0zKHr-5yNzHfnz3oO0zHTXJNjv4EpblH-VkQvI",
    "userID": "6759860f5fa9d30014a6fbed",
    "firstName": "Daryl"
}
HTTP/1.1 201 Created
Server: Cowboy
Report-To: {"group":"heroku-nel","max_age":3600,"endpoints":[{"url":"https://nel.heroku.com/reports?ts=1733920271&sid=812dcc77-0bd0-43b1-a5f1-b25750382959&s=pati9iPCmWdCucihDV8j6U1jX9pQN%2FkeVYKb%2FHyKqkM%3D"}]}
Reporting-Endpoints: heroku-nel=https://nel.heroku.com/reports?ts=1733920271&sid=812dcc77-0bd0-43b1-a5f1-b25750382959&s=pati9iPCmWdCucihDV8j6U1jX9pQN%2FkeVYKb%2FHyKqkM%3D
Nel: {"report_to":"heroku-nel","max_age":3600,"success_fraction":0.005,"failure_fraction":0.05,"response_headers":["Via"]}
Connection: keep-alive
X-Powered-By: Express
Access-Control-Allow-Origin: *
Set-Cookie: access_token=eyJhbGciOiJIUzI1NiIsInR5cCI6IkpXVCJ9.eyJpZCI6IjY3NTk4NjEwNWZhOWQzMDAxNGE2ZmJmMCIsImZpcnN0TmFtZSI6IkFudG9uIiwibGFzdE5hbWUiOiJMZWFubm9uIiwiaWF0IjoxNzMzOTIwMjcyfQ.hTy1YiXn45kvDtHXLKq-KRi7hrELJTvedXxuqEy1Kxs; Path=/
Set-Cookie: userID=j%3A%22675986105fa9d30014a6fbf0%22; Path=/
Set-Cookie: firstName=Anton; Path=/
Content-Type: application/json; charset=utf-8
Content-Length: 278
Etag: W/"116-zYG3y2d9wsjRVuoCplnI7UVeBf4"
Date: Wed, 11 Dec 2024 12:31:12 GMT
Via: 1.1 vegur

{
    "access_token": "eyJhbGciOiJIUzI1NiIsInR5cCI6IkpXVCJ9.eyJpZCI6IjY3NTk4NjEwNWZhOWQzMDAxNGE2ZmJmMCIsImZpcnN0TmFtZSI6IkFudG9uIiwibGFzdE5hbWUiOiJMZWFubm9uIiwiaWF0IjoxNzMzOTIwMjcyfQ.hTy1YiXn45kvDtHXLKq-KRi7hrELJTvedXxuqEy1Kxs",
    "userID": "675986105fa9d30014a6fbf0",
    "firstName": "Anton"
}
HTTP/1.1 201 Created
Server: Cowboy
Report-To: {"group":"heroku-nel","max_age":3600,"endpoints":[{"url":"https://nel.heroku.com/reports?ts=1733920272&sid=812dcc77-0bd0-43b1-a5f1-b25750382959&s=KgAC3%2BvvrBztSZSVAMvEcbtLIpCUoC6vqz8tpdYj5ic%3D"}]}
Reporting-Endpoints: heroku-nel=https://nel.heroku.com/reports?ts=1733920272&sid=812dcc77-0bd0-43b1-a5f1-b25750382959&s=KgAC3%2BvvrBztSZSVAMvEcbtLIpCUoC6vqz8tpdYj5ic%3D
Nel: {"report_to":"heroku-nel","max_age":3600,"success_fraction":0.005,"failure_fraction":0.05,"response_headers":["Via"]}
Connection: keep-alive
X-Powered-By: Express
Access-Control-Allow-Origin: *
Content-Type: application/json; charset=utf-8
Content-Length: 153
Etag: W/"99-N17PZSbbtRuGZ+ZuzwY5SuYvr1U"
Date: Wed, 11 Dec 2024 12:31:12 GMT
Via: 1.1 vegur

{
    "isCompleted": false,
    "_id": "675986105fa9d30014a6fbf2",
    "item": "newOne",
    "userID": "6759860f5fa9d30014a6fbed",
    "createdAt": "2024-12-11T12:31:12.619Z",
    "__v": 0
}
]]></system-out>
  </testcase>
</testsuite>